<?xml version="1.0" encoding="utf-8"?><testsuites><testsuite name="pytest" errors="0" failures="2" skipped="4" tests="6" time="5.994" timestamp="2024-09-25T20:34:10.432970" hostname="981f8a98cb5c"><testcase classname="mongo.tests.test_e2e" name="test_e2e_mongo_standalone[True]" time="2.937"><failure message="AssertionError: Needed at least 1 candidates for 'mongodb.network.bytesinps', got 0&#10;Expected:&#10;        MetricStub(name='mongodb.network.bytesinps', type=None, value=None, tags=None, hostname=None, device=None, flush_first_value=None)&#10;Similar submitted:&#10;Score   Most similar&#10;0.63    MetricStub(name='mongodb.mem.bits', type=0, value=64, tags=['hosting_type:self-hosted', 'server:mongodb://testUser2:*****@localhost:27017/test'], hostname='981f8a98cb5c', device=None, flush_first_value=False)&#10;0.62    MetricStub(name='mongodb.mem.resident', type=0, value=101, tags=['hosting_type:self-hosted', 'server:mongodb://testUser2:*****@localhost:27017/test'], hostname='981f8a98cb5c', device=None, flush_first_value=False)&#10;0.56    MetricStub(name='mongodb.stats.storagesize', type=0, value=20480, tags=['cluster:db:admin', 'db:admin', 'hosting_type:self-hosted', 'server:mongodb://testUser2:*****@localhost:27017/test'], hostname='981f8a98cb5c', device=None, flush_first_value=False)&#10;0.56    MetricStub(name='mongodb.stats.storagesize', type=0, value=12288, tags=['cluster:db:test2', 'db:test2', 'hosting_type:self-hosted', 'server:mongodb://testUser2:*****@localhost:27017/test'], hostname='981f8a98cb5c', device=None, flush_first_value=False)&#10;0.56    MetricStub(name='mongodb.stats.storagesize', type=0, value=12288, tags=['cluster:db:test', 'db:test', 'hosting_type:self-hosted', 'server:mongodb://testUser2:*****@localhost:27017/test'], hostname='981f8a98cb5c', device=None, flush_first_value=False)&#10;0.56    MetricStub(name='mongodb.stats.storagesize', type=0, value=4096, tags=['cluster:db:local', 'db:local', 'hosting_type:self-hosted', 'server:mongodb://testUser2:*****@localhost:27017/test'], hostname='981f8a98cb5c', device=None, flush_first_value=False)&#10;0.56    MetricStub(name='mongodb.stats.storagesize', type=0, value=4096, tags=['cluster:db:config', 'db:config', 'hosting_type:self-hosted', 'server:mongodb://testUser2:*****@localhost:27017/test'], hostname='981f8a98cb5c', device=None, flush_first_value=False)&#10;0.56    MetricStub(name='mongodb.dbs', type=0, value=5, tags=['hosting_type:self-hosted', 'server:mongodb://testUser2:*****@localhost:27017/test'], hostname='981f8a98cb5c', device=None, flush_first_value=False)&#10;0.56    MetricStub(name='mongodb.connections.available', type=0, value=838854, tags=['hosting_type:self-hosted', 'server:mongodb://testUser2:*****@localhost:27017/test'], hostname='981f8a98cb5c', device=None, flush_first_value=False)&#10;0.55    MetricStub(name='mongodb.stats.datasize', type=0, value=12240, tags=['cluster:db:admin', 'db:admin', 'hosting_type:self-hosted', 'server:mongodb://testUser2:*****@localhost:27017/test'], hostname='981f8a98cb5c', device=None, flush_first_value=False)&#10;0.55    MetricStub(name='mongodb.stats.datasize', type=0, value=8840, tags=['cluster:db:test2', 'db:test2', 'hosting_type:self-hosted', 'server:mongodb://testUser2:*****@localhost:27017/test'], hostname='981f8a98cb5c', device=None, flush_first_value=False)&#10;0.55    MetricStub(name='mongodb.stats.datasize', type=0, value=8840, tags=['cluster:db:test', 'db:test', 'hosting_type:self-hosted', 'server:mongodb://testUser2:*****@localhost:27017/test'], hostname='981f8a98cb5c', device=None, flush_first_value=False)&#10;0.55    MetricStub(name='mongodb.stats.datasize', type=0, value=2053, tags=['cluster:db:local', 'db:local', 'hosting_type:self-hosted', 'server:mongodb://testUser2:*****@localhost:27017/test'], hostname='981f8a98cb5c', device=None, flush_first_value=False)&#10;0.55    MetricStub(name='mongodb.stats.datasize', type=0, value=0, tags=['cluster:db:config', 'db:config', 'hosting_type:self-hosted', 'server:mongodb://testUser2:*****@localhost:27017/test'], hostname='981f8a98cb5c', device=None, flush_first_value=False)&#10;0.55    MetricStub(name='mongodb.metrics.repl.buffer.sizebytes', type=0, value=0, tags=['hosting_type:self-hosted', 'server:mongodb://testUser2:*****@localhost:27017/test'], hostname='981f8a98cb5c', device=None, flush_first_value=False)">tests/test_e2e.py:72: in test_e2e_mongo_standalone
    aggregator.assert_metric(metric)
../datadog_checks_base/datadog_checks/base/stubs/aggregator.py:372: in assert_metric
    self._assert(condition, msg=msg, expected_stub=expected_metric, submitted_elements=self._metrics)
../datadog_checks_base/datadog_checks/base/stubs/aggregator.py:414: in _assert
    assert condition, new_msg
E   AssertionError: Needed at least 1 candidates for 'mongodb.network.bytesinps', got 0
E   Expected:
E           MetricStub(name='mongodb.network.bytesinps', type=None, value=None, tags=None, hostname=None, device=None, flush_first_value=None)
E   Similar submitted:
E   Score   Most similar
E   0.63    MetricStub(name='mongodb.mem.bits', type=0, value=64, tags=['hosting_type:self-hosted', 'server:mongodb://testUser2:*****@localhost:27017/test'], hostname='981f8a98cb5c', device=None, flush_first_value=False)
E   0.62    MetricStub(name='mongodb.mem.resident', type=0, value=101, tags=['hosting_type:self-hosted', 'server:mongodb://testUser2:*****@localhost:27017/test'], hostname='981f8a98cb5c', device=None, flush_first_value=False)
E   0.56    MetricStub(name='mongodb.stats.storagesize', type=0, value=20480, tags=['cluster:db:admin', 'db:admin', 'hosting_type:self-hosted', 'server:mongodb://testUser2:*****@localhost:27017/test'], hostname='981f8a98cb5c', device=None, flush_first_value=False)
E   0.56    MetricStub(name='mongodb.stats.storagesize', type=0, value=12288, tags=['cluster:db:test2', 'db:test2', 'hosting_type:self-hosted', 'server:mongodb://testUser2:*****@localhost:27017/test'], hostname='981f8a98cb5c', device=None, flush_first_value=False)
E   0.56    MetricStub(name='mongodb.stats.storagesize', type=0, value=12288, tags=['cluster:db:test', 'db:test', 'hosting_type:self-hosted', 'server:mongodb://testUser2:*****@localhost:27017/test'], hostname='981f8a98cb5c', device=None, flush_first_value=False)
E   0.56    MetricStub(name='mongodb.stats.storagesize', type=0, value=4096, tags=['cluster:db:local', 'db:local', 'hosting_type:self-hosted', 'server:mongodb://testUser2:*****@localhost:27017/test'], hostname='981f8a98cb5c', device=None, flush_first_value=False)
E   0.56    MetricStub(name='mongodb.stats.storagesize', type=0, value=4096, tags=['cluster:db:config', 'db:config', 'hosting_type:self-hosted', 'server:mongodb://testUser2:*****@localhost:27017/test'], hostname='981f8a98cb5c', device=None, flush_first_value=False)
E   0.56    MetricStub(name='mongodb.dbs', type=0, value=5, tags=['hosting_type:self-hosted', 'server:mongodb://testUser2:*****@localhost:27017/test'], hostname='981f8a98cb5c', device=None, flush_first_value=False)
E   0.56    MetricStub(name='mongodb.connections.available', type=0, value=838854, tags=['hosting_type:self-hosted', 'server:mongodb://testUser2:*****@localhost:27017/test'], hostname='981f8a98cb5c', device=None, flush_first_value=False)
E   0.55    MetricStub(name='mongodb.stats.datasize', type=0, value=12240, tags=['cluster:db:admin', 'db:admin', 'hosting_type:self-hosted', 'server:mongodb://testUser2:*****@localhost:27017/test'], hostname='981f8a98cb5c', device=None, flush_first_value=False)
E   0.55    MetricStub(name='mongodb.stats.datasize', type=0, value=8840, tags=['cluster:db:test2', 'db:test2', 'hosting_type:self-hosted', 'server:mongodb://testUser2:*****@localhost:27017/test'], hostname='981f8a98cb5c', device=None, flush_first_value=False)
E   0.55    MetricStub(name='mongodb.stats.datasize', type=0, value=8840, tags=['cluster:db:test', 'db:test', 'hosting_type:self-hosted', 'server:mongodb://testUser2:*****@localhost:27017/test'], hostname='981f8a98cb5c', device=None, flush_first_value=False)
E   0.55    MetricStub(name='mongodb.stats.datasize', type=0, value=2053, tags=['cluster:db:local', 'db:local', 'hosting_type:self-hosted', 'server:mongodb://testUser2:*****@localhost:27017/test'], hostname='981f8a98cb5c', device=None, flush_first_value=False)
E   0.55    MetricStub(name='mongodb.stats.datasize', type=0, value=0, tags=['cluster:db:config', 'db:config', 'hosting_type:self-hosted', 'server:mongodb://testUser2:*****@localhost:27017/test'], hostname='981f8a98cb5c', device=None, flush_first_value=False)
E   0.55    MetricStub(name='mongodb.metrics.repl.buffer.sizebytes', type=0, value=0, tags=['hosting_type:self-hosted', 'server:mongodb://testUser2:*****@localhost:27017/test'], hostname='981f8a98cb5c', device=None, flush_first_value=False)</failure></testcase><testcase classname="mongo.tests.test_e2e" name="test_e2e_mongo_standalone[False]" time="2.891"><failure message="AssertionError: Needed at least 1 candidates for 'mongodb.network.bytesinps', got 0&#10;Expected:&#10;        MetricStub(name='mongodb.network.bytesinps', type=None, value=None, tags=None, hostname=None, device=None, flush_first_value=None)&#10;Similar submitted:&#10;Score   Most similar&#10;0.63    MetricStub(name='mongodb.mem.bits', type=0, value=64, tags=['hosting_type:self-hosted', 'server:mongodb://testUser2:*****@localhost:27017/test'], hostname='981f8a98cb5c', device=None, flush_first_value=False)&#10;0.62    MetricStub(name='mongodb.mem.resident', type=0, value=102, tags=['hosting_type:self-hosted', 'server:mongodb://testUser2:*****@localhost:27017/test'], hostname='981f8a98cb5c', device=None, flush_first_value=False)&#10;0.56    MetricStub(name='mongodb.stats.storagesize', type=0, value=20480, tags=['cluster:db:admin', 'db:admin', 'hosting_type:self-hosted', 'server:mongodb://testUser2:*****@localhost:27017/test'], hostname='981f8a98cb5c', device=None, flush_first_value=False)&#10;0.56    MetricStub(name='mongodb.stats.storagesize', type=0, value=12288, tags=['cluster:db:test2', 'db:test2', 'hosting_type:self-hosted', 'server:mongodb://testUser2:*****@localhost:27017/test'], hostname='981f8a98cb5c', device=None, flush_first_value=False)&#10;0.56    MetricStub(name='mongodb.stats.storagesize', type=0, value=12288, tags=['cluster:db:test', 'db:test', 'hosting_type:self-hosted', 'server:mongodb://testUser2:*****@localhost:27017/test'], hostname='981f8a98cb5c', device=None, flush_first_value=False)&#10;0.56    MetricStub(name='mongodb.stats.storagesize', type=0, value=4096, tags=['cluster:db:local', 'db:local', 'hosting_type:self-hosted', 'server:mongodb://testUser2:*****@localhost:27017/test'], hostname='981f8a98cb5c', device=None, flush_first_value=False)&#10;0.56    MetricStub(name='mongodb.stats.storagesize', type=0, value=4096, tags=['cluster:db:config', 'db:config', 'hosting_type:self-hosted', 'server:mongodb://testUser2:*****@localhost:27017/test'], hostname='981f8a98cb5c', device=None, flush_first_value=False)&#10;0.56    MetricStub(name='mongodb.dbs', type=0, value=5, tags=['hosting_type:self-hosted', 'server:mongodb://testUser2:*****@localhost:27017/test'], hostname='981f8a98cb5c', device=None, flush_first_value=False)&#10;0.56    MetricStub(name='mongodb.connections.available', type=0, value=838854, tags=['hosting_type:self-hosted', 'server:mongodb://testUser2:*****@localhost:27017/test'], hostname='981f8a98cb5c', device=None, flush_first_value=False)&#10;0.55    MetricStub(name='mongodb.stats.datasize', type=0, value=12240, tags=['cluster:db:admin', 'db:admin', 'hosting_type:self-hosted', 'server:mongodb://testUser2:*****@localhost:27017/test'], hostname='981f8a98cb5c', device=None, flush_first_value=False)&#10;0.55    MetricStub(name='mongodb.stats.datasize', type=0, value=8840, tags=['cluster:db:test2', 'db:test2', 'hosting_type:self-hosted', 'server:mongodb://testUser2:*****@localhost:27017/test'], hostname='981f8a98cb5c', device=None, flush_first_value=False)&#10;0.55    MetricStub(name='mongodb.stats.datasize', type=0, value=8840, tags=['cluster:db:test', 'db:test', 'hosting_type:self-hosted', 'server:mongodb://testUser2:*****@localhost:27017/test'], hostname='981f8a98cb5c', device=None, flush_first_value=False)&#10;0.55    MetricStub(name='mongodb.stats.datasize', type=0, value=2053, tags=['cluster:db:local', 'db:local', 'hosting_type:self-hosted', 'server:mongodb://testUser2:*****@localhost:27017/test'], hostname='981f8a98cb5c', device=None, flush_first_value=False)&#10;0.55    MetricStub(name='mongodb.stats.datasize', type=0, value=0, tags=['cluster:db:config', 'db:config', 'hosting_type:self-hosted', 'server:mongodb://testUser2:*****@localhost:27017/test'], hostname='981f8a98cb5c', device=None, flush_first_value=False)&#10;0.55    MetricStub(name='mongodb.metrics.repl.buffer.sizebytes', type=0, value=0, tags=['hosting_type:self-hosted', 'server:mongodb://testUser2:*****@localhost:27017/test'], hostname='981f8a98cb5c', device=None, flush_first_value=False)">tests/test_e2e.py:72: in test_e2e_mongo_standalone
    aggregator.assert_metric(metric)
../datadog_checks_base/datadog_checks/base/stubs/aggregator.py:372: in assert_metric
    self._assert(condition, msg=msg, expected_stub=expected_metric, submitted_elements=self._metrics)
../datadog_checks_base/datadog_checks/base/stubs/aggregator.py:414: in _assert
    assert condition, new_msg
E   AssertionError: Needed at least 1 candidates for 'mongodb.network.bytesinps', got 0
E   Expected:
E           MetricStub(name='mongodb.network.bytesinps', type=None, value=None, tags=None, hostname=None, device=None, flush_first_value=None)
E   Similar submitted:
E   Score   Most similar
E   0.63    MetricStub(name='mongodb.mem.bits', type=0, value=64, tags=['hosting_type:self-hosted', 'server:mongodb://testUser2:*****@localhost:27017/test'], hostname='981f8a98cb5c', device=None, flush_first_value=False)
E   0.62    MetricStub(name='mongodb.mem.resident', type=0, value=102, tags=['hosting_type:self-hosted', 'server:mongodb://testUser2:*****@localhost:27017/test'], hostname='981f8a98cb5c', device=None, flush_first_value=False)
E   0.56    MetricStub(name='mongodb.stats.storagesize', type=0, value=20480, tags=['cluster:db:admin', 'db:admin', 'hosting_type:self-hosted', 'server:mongodb://testUser2:*****@localhost:27017/test'], hostname='981f8a98cb5c', device=None, flush_first_value=False)
E   0.56    MetricStub(name='mongodb.stats.storagesize', type=0, value=12288, tags=['cluster:db:test2', 'db:test2', 'hosting_type:self-hosted', 'server:mongodb://testUser2:*****@localhost:27017/test'], hostname='981f8a98cb5c', device=None, flush_first_value=False)
E   0.56    MetricStub(name='mongodb.stats.storagesize', type=0, value=12288, tags=['cluster:db:test', 'db:test', 'hosting_type:self-hosted', 'server:mongodb://testUser2:*****@localhost:27017/test'], hostname='981f8a98cb5c', device=None, flush_first_value=False)
E   0.56    MetricStub(name='mongodb.stats.storagesize', type=0, value=4096, tags=['cluster:db:local', 'db:local', 'hosting_type:self-hosted', 'server:mongodb://testUser2:*****@localhost:27017/test'], hostname='981f8a98cb5c', device=None, flush_first_value=False)
E   0.56    MetricStub(name='mongodb.stats.storagesize', type=0, value=4096, tags=['cluster:db:config', 'db:config', 'hosting_type:self-hosted', 'server:mongodb://testUser2:*****@localhost:27017/test'], hostname='981f8a98cb5c', device=None, flush_first_value=False)
E   0.56    MetricStub(name='mongodb.dbs', type=0, value=5, tags=['hosting_type:self-hosted', 'server:mongodb://testUser2:*****@localhost:27017/test'], hostname='981f8a98cb5c', device=None, flush_first_value=False)
E   0.56    MetricStub(name='mongodb.connections.available', type=0, value=838854, tags=['hosting_type:self-hosted', 'server:mongodb://testUser2:*****@localhost:27017/test'], hostname='981f8a98cb5c', device=None, flush_first_value=False)
E   0.55    MetricStub(name='mongodb.stats.datasize', type=0, value=12240, tags=['cluster:db:admin', 'db:admin', 'hosting_type:self-hosted', 'server:mongodb://testUser2:*****@localhost:27017/test'], hostname='981f8a98cb5c', device=None, flush_first_value=False)
E   0.55    MetricStub(name='mongodb.stats.datasize', type=0, value=8840, tags=['cluster:db:test2', 'db:test2', 'hosting_type:self-hosted', 'server:mongodb://testUser2:*****@localhost:27017/test'], hostname='981f8a98cb5c', device=None, flush_first_value=False)
E   0.55    MetricStub(name='mongodb.stats.datasize', type=0, value=8840, tags=['cluster:db:test', 'db:test', 'hosting_type:self-hosted', 'server:mongodb://testUser2:*****@localhost:27017/test'], hostname='981f8a98cb5c', device=None, flush_first_value=False)
E   0.55    MetricStub(name='mongodb.stats.datasize', type=0, value=2053, tags=['cluster:db:local', 'db:local', 'hosting_type:self-hosted', 'server:mongodb://testUser2:*****@localhost:27017/test'], hostname='981f8a98cb5c', device=None, flush_first_value=False)
E   0.55    MetricStub(name='mongodb.stats.datasize', type=0, value=0, tags=['cluster:db:config', 'db:config', 'hosting_type:self-hosted', 'server:mongodb://testUser2:*****@localhost:27017/test'], hostname='981f8a98cb5c', device=None, flush_first_value=False)
E   0.55    MetricStub(name='mongodb.metrics.repl.buffer.sizebytes', type=0, value=0, tags=['hosting_type:self-hosted', 'server:mongodb://testUser2:*****@localhost:27017/test'], hostname='981f8a98cb5c', device=None, flush_first_value=False)</failure></testcase><testcase classname="mongo.tests.test_e2e" name="test_e2e_mongo_shard[True]" time="0.000"><skipped type="pytest.skip" message="Test only valid for sharded mongo">/workspaces/integrations-core/mongo/tests/test_e2e.py:76: Test only valid for sharded mongo</skipped></testcase><testcase classname="mongo.tests.test_e2e" name="test_e2e_mongo_shard[False]" time="0.000"><skipped type="pytest.skip" message="Test only valid for sharded mongo">/workspaces/integrations-core/mongo/tests/test_e2e.py:76: Test only valid for sharded mongo</skipped></testcase><testcase classname="mongo.tests.test_e2e" name="test_e2e_mongo_auth" time="0.000"><skipped type="pytest.skip" message="Test only valid for mongo with --auth">/workspaces/integrations-core/mongo/tests/test_e2e.py:92: Test only valid for mongo with --auth</skipped></testcase><testcase classname="mongo.tests.test_e2e" name="test_e2e_mongo_tls" time="0.000"><skipped type="pytest.skip" message="Test only valid for TLS">/workspaces/integrations-core/mongo/tests/test_e2e.py:101: Test only valid for TLS</skipped></testcase></testsuite></testsuites>