<?xml version="1.0" encoding="utf-8"?><testsuites><testsuite name="pytest" errors="0" failures="0" skipped="0" tests="0" time="0.008" timestamp="2025-06-03T15:19:19.123326" hostname="COMP-KYX59G6VPG" /></testsuites>