<?xml version="1.0" encoding="utf-8"?><testsuites><testsuite name="pytest" errors="0" failures="0" skipped="1" tests="24" time="2.862" timestamp="2025-04-07T12:40:01.327292" hostname="COMP-KYX59G6VPG"><testcase classname="silk.tests.test_e2e" name="test_e2e" time="0.002"><skipped type="pytest.skip" message="Not running E2E tests">/Users/steven/go/src/github.com/DataDog/integrations-core/silk/tests/test_e2e.py:12: Not running E2E tests</skipped></testcase><testcase classname="silk.tests.test_events" name="test_event_payload" time="0.001" /><testcase classname="silk.tests.test_events" name="test_latest_event_query" time="0.001" /><testcase classname="silk.tests.test_events" name="test_malformed_event[events_no_timestamp.json-Event has no timestamp, will not submit event]" time="0.002" /><testcase classname="silk.tests.test_events" name="test_malformed_event[events_no_title.json-Event has no name, will not submit event]" time="0.001" /><testcase classname="silk.tests.test_events" name="test_malformed_event[events_no_message.json-Event has no message, will not submit event]" time="0.001" /><testcase classname="silk.tests.test_events" name="test_events_test" time="2.088" /><testcase classname="silk.tests.test_integration" name="test_check[rw bs disabled]" time="0.043" /><testcase classname="silk.tests.test_integration" name="test_check[rw bs enabled]" time="0.066" /><testcase classname="silk.tests.test_integration" name="test_check[bs enabled]" time="0.053" /><testcase classname="silk.tests.test_integration" name="test_check[rw enabled]" time="0.061" /><testcase classname="silk.tests.test_integration" name="test_error_msg_response" time="0.063" /><testcase classname="silk.tests.test_integration" name="test_submit_system_state" time="0.006" /><testcase classname="silk.tests.test_unit" name="test_submit_system_state_error" time="0.001" /><testcase classname="silk.tests.test_unit" name="test_bs_rw_metrics[system bs metrics]" time="0.002" /><testcase classname="silk.tests.test_unit" name="test_bs_rw_metrics[volume bs metrics]" time="0.004" /><testcase classname="silk.tests.test_unit" name="test_bs_rw_metrics[volume rw metrics]" time="0.003" /><testcase classname="silk.tests.test_unit" name="test_bs_rw_metrics[system rw metrics]" time="0.002" /><testcase classname="silk.tests.test_unit" name="test_metrics_to_collect[both disabled]" time="0.001" /><testcase classname="silk.tests.test_unit" name="test_metrics_to_collect[both enabled]" time="0.001" /><testcase classname="silk.tests.test_unit" name="test_metrics_to_collect[bs enabled]" time="0.001" /><testcase classname="silk.tests.test_unit" name="test_metrics_to_collect[rw enabled]" time="0.001" /><testcase classname="silk.tests.test_unit" name="test_unreachable_endpoint" time="0.010" /><testcase classname="silk.tests.test_unit" name="test_incorrect_config" time="0.256" /></testsuite></testsuites>